d:\项目_个人研究\微信机器人\microchat\duilib\build\release_u\duilib.pch
d:\项目_个人研究\微信机器人\microchat\duilib\build\release_u\vc141.pdb
d:\项目_个人研究\微信机器人\microchat\duilib\build\release_u\stdafx.obj
d:\项目_个人研究\微信机器人\microchat\duilib\build\release_u\uibutton.obj
d:\项目_个人研究\微信机器人\microchat\duilib\build\release_u\uiactivex.obj
d:\项目_个人研究\微信机器人\microchat\duilib\build\release_u\uiverticallayout.obj
d:\项目_个人研究\微信机器人\microchat\duilib\build\release_u\uitilelayout.obj
d:\项目_个人研究\微信机器人\microchat\duilib\build\release_u\uitablayout.obj
d:\项目_个人研究\微信机器人\microchat\duilib\build\release_u\uihorizontallayout.obj
d:\项目_个人研究\微信机器人\microchat\duilib\build\release_u\uichildlayout.obj
d:\项目_个人研究\微信机器人\microchat\duilib\build\release_u\uirender.obj
d:\项目_个人研究\微信机器人\microchat\duilib\build\release_u\uimarkup.obj
d:\项目_个人研究\微信机器人\microchat\duilib\build\release_u\uimanager.obj
d:\项目_个人研究\微信机器人\microchat\duilib\build\release_u\uidlgbuilder.obj
d:\项目_个人研究\微信机器人\microchat\duilib\build\release_u\uicontrol.obj
d:\项目_个人研究\微信机器人\microchat\duilib\build\release_u\uicontainer.obj
d:\项目_个人研究\微信机器人\microchat\duilib\build\release_u\uibase.obj
d:\项目_个人研究\微信机器人\microchat\duilib\build\release_u\wndshadow.obj
d:\项目_个人研究\微信机器人\microchat\duilib\build\release_u\utils.obj
d:\项目_个人研究\微信机器人\microchat\duilib\build\release_u\uidelegate.obj
d:\项目_个人研究\微信机器人\microchat\duilib\build\release_u\winimplbase.obj
d:\项目_个人研究\微信机器人\microchat\duilib\build\release_u\uilib.obj
d:\项目_个人研究\微信机器人\microchat\duilib\build\release_u\uitreeview.obj
d:\项目_个人研究\微信机器人\microchat\duilib\build\release_u\uiwebbrowser.obj
d:\项目_个人研究\微信机器人\microchat\duilib\build\release_u\uitext.obj
d:\项目_个人研究\微信机器人\microchat\duilib\build\release_u\uislider.obj
d:\项目_个人研究\微信机器人\microchat\duilib\build\release_u\uiscrollbar.obj
d:\项目_个人研究\微信机器人\microchat\duilib\build\release_u\uirichedit.obj
d:\项目_个人研究\微信机器人\microchat\duilib\build\release_u\uiprogress.obj
d:\项目_个人研究\微信机器人\microchat\duilib\build\release_u\uioption.obj
d:\项目_个人研究\微信机器人\microchat\duilib\build\release_u\uilist.obj
d:\项目_个人研究\微信机器人\microchat\duilib\build\release_u\uilabel.obj
d:\项目_个人研究\微信机器人\microchat\duilib\build\release_u\uigifanim.obj
d:\项目_个人研究\微信机器人\microchat\duilib\build\release_u\uiedit.obj
d:\项目_个人研究\微信机器人\microchat\duilib\build\release_u\uidatetime.obj
d:\项目_个人研究\微信机器人\microchat\duilib\build\release_u\uicombo.obj
d:\项目_个人研究\微信机器人\microchat\duilib\build\release_u\uicheckbox.obj
d:\项目_个人研究\微信机器人\microchat\duilib\build\release_u\stb_image.obj
d:\项目_个人研究\微信机器人\microchat\duilib\build\release_u\xunzip.obj
d:\项目_个人研究\微信机器人\microchat\release\lib\duilib_u.lib
d:\项目_个人研究\微信机器人\microchat\release\lib\duilib_u.exp
d:\项目_个人研究\微信机器人\microchat\release\duilib_u.dll
d:\项目_个人研究\微信机器人\microchat\duilib\build\release_u\duilib.pdb
e:\git\code\microchat\duilib\build\release_u\stb_image.obj
e:\git\code\microchat\duilib\build\release_u\stdafx.obj
e:\git\code\microchat\duilib\build\release_u\uiactivex.obj
e:\git\code\microchat\duilib\build\release_u\uibase.obj
e:\git\code\microchat\duilib\build\release_u\uibutton.obj
e:\git\code\microchat\duilib\build\release_u\uicheckbox.obj
e:\git\code\microchat\duilib\build\release_u\uichildlayout.obj
e:\git\code\microchat\duilib\build\release_u\uicombo.obj
e:\git\code\microchat\duilib\build\release_u\uicontainer.obj
e:\git\code\microchat\duilib\build\release_u\uicontrol.obj
e:\git\code\microchat\duilib\build\release_u\uidatetime.obj
e:\git\code\microchat\duilib\build\release_u\uidelegate.obj
e:\git\code\microchat\duilib\build\release_u\uidlgbuilder.obj
e:\git\code\microchat\duilib\build\release_u\uiedit.obj
e:\git\code\microchat\duilib\build\release_u\uigifanim.obj
e:\git\code\microchat\duilib\build\release_u\uihorizontallayout.obj
e:\git\code\microchat\duilib\build\release_u\uilabel.obj
e:\git\code\microchat\duilib\build\release_u\uilib.obj
e:\git\code\microchat\duilib\build\release_u\uilist.obj
e:\git\code\microchat\duilib\build\release_u\uimanager.obj
e:\git\code\microchat\duilib\build\release_u\uimarkup.obj
e:\git\code\microchat\duilib\build\release_u\uioption.obj
e:\git\code\microchat\duilib\build\release_u\uiprogress.obj
e:\git\code\microchat\duilib\build\release_u\uirender.obj
e:\git\code\microchat\duilib\build\release_u\uirichedit.obj
e:\git\code\microchat\duilib\build\release_u\uiscrollbar.obj
e:\git\code\microchat\duilib\build\release_u\uislider.obj
e:\git\code\microchat\duilib\build\release_u\uitablayout.obj
e:\git\code\microchat\duilib\build\release_u\uitext.obj
e:\git\code\microchat\duilib\build\release_u\uitilelayout.obj
e:\git\code\microchat\duilib\build\release_u\uitreeview.obj
e:\git\code\microchat\duilib\build\release_u\uiverticallayout.obj
e:\git\code\microchat\duilib\build\release_u\uiwebbrowser.obj
e:\git\code\microchat\duilib\build\release_u\utils.obj
e:\git\code\microchat\duilib\build\release_u\winimplbase.obj
e:\git\code\microchat\duilib\build\release_u\wndshadow.obj
e:\git\code\microchat\duilib\build\release_u\xunzip.obj
e:\git\code\microchat\duilib\build\release_u\duilib.pch
e:\git\code\microchat\duilib\build\release_u\duilib.pdb
e:\git\code\microchat\duilib\build\release_u\vc141.pdb
e:\git\code\microchat\duilib\build\release_u\duilib.tlog\cl.command.1.tlog
e:\git\code\microchat\duilib\build\release_u\duilib.tlog\cl.read.1.tlog
e:\git\code\microchat\duilib\build\release_u\duilib.tlog\cl.write.1.tlog
e:\git\code\microchat\duilib\build\release_u\duilib.tlog\duilib.write.1u.tlog
e:\git\code\microchat\duilib\build\release_u\duilib.tlog\link.command.1.tlog
e:\git\code\microchat\duilib\build\release_u\duilib.tlog\link.read.1.tlog
e:\git\code\microchat\duilib\build\release_u\duilib.tlog\link.write.1.tlog
